<?xml version="1.0" encoding="utf-8" standalone="no"?>
<!--This file represents the results of running a test suite-->
<test-results name="C:\Documents and Settings\gjones\UfXtract\UfXtractUnitTests\Project.nunit" total="10" errors="0" failures="0" not-run="0" inconclusive="0" ignored="0" skipped="0" invalid="0" date="2010-08-14" time="15:21:52">
  <environment nunit-version="2.5.2.9222" clr-version="2.0.50727.3615" os-version="Microsoft Windows NT 5.1.2600 Service Pack 3" platform="Win32NT" cwd="C:\Program Files\NUnit 2.5.2\bin\net-2.0" machine-name="GLENNJONES" user="gjones" user-domain="CLARENCE" />
  <culture-info current-culture="en-GB" current-uiculture="en-US" />
  <test-suite name="C:\Documents and Settings\gjones\UfXtract\UfXtractUnitTests\Project.nunit" executed="True" success="True" time="1.829" asserts="0">
    <results>
      <test-suite name="C:\Documents and Settings\gjones\UfXtract\UfXtractUnitTests\bin\Debug\UfXtractUnitTests.dll" executed="True" success="True" time="1.813" asserts="0">
        <results>
          <test-suite name="UfXtract" executed="True" success="True" time="1.782" asserts="0">
            <results>
              <test-suite name="UnitTests" executed="True" success="True" time="1.782" asserts="0">
                <results>
                  <test-suite name="hCard" executed="True" success="True" time="1.782" asserts="0">
                    <results>
                      <test-suite name="test_hCard_22" executed="True" success="True" time="1.782" asserts="0">
                        <results>
                          <test-case name="UfXtract.UnitTests.hCard.test_hCard_22.Test_01" executed="True" success="True" time="0.969" asserts="1" />
                          <test-case name="UfXtract.UnitTests.hCard.test_hCard_22.Test_02" executed="True" success="True" time="0.063" asserts="1" />
                          <test-case name="UfXtract.UnitTests.hCard.test_hCard_22.Test_03" executed="True" success="True" time="0.125" asserts="1" />
                          <test-case name="UfXtract.UnitTests.hCard.test_hCard_22.Test_04" executed="True" success="True" time="0.078" asserts="1" />
                          <test-case name="UfXtract.UnitTests.hCard.test_hCard_22.Test_05" executed="True" success="True" time="0.078" asserts="1" />
                          <test-case name="UfXtract.UnitTests.hCard.test_hCard_22.Test_06" executed="True" success="True" time="0.094" asserts="1" />
                          <test-case name="UfXtract.UnitTests.hCard.test_hCard_22.Test_07" executed="True" success="True" time="0.078" asserts="1" />
                          <test-case name="UfXtract.UnitTests.hCard.test_hCard_22.Test_08" executed="True" success="True" time="0.125" asserts="1" />
                          <test-case name="UfXtract.UnitTests.hCard.test_hCard_22.Test_09" executed="True" success="True" time="0.078" asserts="1" />
                          <test-case name="UfXtract.UnitTests.hCard.test_hCard_22.Test_10" executed="True" success="True" time="0.078" asserts="1" />
                        </results>
                      </test-suite>
                    </results>
                  </test-suite>
                </results>
              </test-suite>
            </results>
          </test-suite>
        </results>
      </test-suite>
    </results>
  </test-suite>
</test-results>